  lab3.cpp
  Unknown compiler version - please run the configure tests and report the results
c:\users\obp3t\ideaprojects\pplab\c++\lab3\lab3\lab3.cpp(105): warning C4018: '<': signed/unsigned mismatch
c:\users\obp3t\ideaprojects\pplab\c++\lab3\lab3\lab3.cpp(111): warning C4018: '<': signed/unsigned mismatch
c:\users\obp3t\ideaprojects\pplab\c++\lab3\lab3\lab3.cpp(117): warning C4244: '+=': conversion from '_Rep' to 'long', possible loss of data
          with
          [
              _Rep=__int64
          ]
c:\users\obp3t\ideaprojects\pplab\c++\lab3\lab3\lab3.cpp(145): warning C4018: '<': signed/unsigned mismatch
c:\users\obp3t\ideaprojects\pplab\c++\lab3\lab3\lab3.cpp(151): warning C4018: '<': signed/unsigned mismatch
c:\users\obp3t\ideaprojects\pplab\c++\lab3\lab3\lab3.cpp(157): warning C4244: '+=': conversion from '_Rep' to 'long', possible loss of data
          with
          [
              _Rep=__int64
          ]
c:\users\obp3t\ideaprojects\pplab\c++\lab3\lab3\lab3.cpp(186): warning C4018: '<': signed/unsigned mismatch
c:\users\obp3t\ideaprojects\pplab\c++\lab3\lab3\lab3.cpp(194): warning C4018: '<': signed/unsigned mismatch
c:\users\obp3t\ideaprojects\pplab\c++\lab3\lab3\lab3.cpp(199): warning C4018: '<': signed/unsigned mismatch
c:\users\obp3t\ideaprojects\pplab\c++\lab3\lab3\lab3.cpp(205): warning C4244: '+=': conversion from '_Rep' to 'long', possible loss of data
          with
          [
              _Rep=__int64
          ]
c:\users\obp3t\ideaprojects\pplab\c++\lab3\lab3\lab3.cpp(233): warning C4018: '<': signed/unsigned mismatch
c:\users\obp3t\ideaprojects\pplab\c++\lab3\lab3\lab3.cpp(241): warning C4018: '<': signed/unsigned mismatch
c:\users\obp3t\ideaprojects\pplab\c++\lab3\lab3\lab3.cpp(246): warning C4018: '<': signed/unsigned mismatch
c:\users\obp3t\ideaprojects\pplab\c++\lab3\lab3\lab3.cpp(252): warning C4244: '+=': conversion from '_Rep' to 'long', possible loss of data
          with
          [
              _Rep=__int64
          ]
  lab3.vcxproj -> C:\Users\ObP3t\IdeaProjects\pplab\C++\lab3\Debug\lab3.exe
